{
  "RSpec": {
    "coverage": {
      "/Users/asiaellis/Projects/course-run-through/boris-bikes-2/spec/bike_spec.rb": {
        "lines": [
          1,
          null,
          1,
          5,
          null,
          1,
          1,
          1,
          null,
          null,
          1,
          1,
          null,
          null,
          null,
          1,
          1,
          1,
          1,
          null,
          null,
          null,
          1,
          1,
          1,
          1,
          1,
          null,
          null,
          null
        ]
      },
      "/Users/asiaellis/Projects/course-run-through/boris-bikes-2/lib/bike.rb": {
        "lines": [
          null,
          null,
          1,
          null,
          1,
          null,
          1,
          4,
          null,
          null,
          1,
          2,
          null,
          null,
          1,
          3,
          null,
          null,
          1,
          1,
          null,
          null,
          null
        ]
      },
      "/Users/asiaellis/Projects/course-run-through/boris-bikes-2/spec/docking_station_spec.rb": {
        "lines": [
          null,
          null,
          1,
          null,
          1,
          13,
          13,
          null,
          1,
          12,
          null,
          null,
          1,
          null,
          1,
          1,
          null,
          null,
          1,
          1,
          1,
          null,
          null,
          null,
          1,
          1,
          1,
          null,
          null,
          1,
          1,
          1,
          null,
          null,
          1,
          1,
          1,
          1,
          null,
          null,
          1,
          1,
          1,
          2,
          null,
          null,
          1,
          1,
          2,
          null,
          null,
          null,
          1,
          1,
          1,
          null,
          null,
          1,
          1,
          null,
          null,
          1,
          20,
          2,
          null,
          null,
          null,
          1,
          1,
          1,
          1,
          null,
          null,
          1,
          20,
          2,
          null,
          null,
          null
        ]
      },
      "/Users/asiaellis/Projects/course-run-through/boris-bikes-2/lib/docking_station.rb": {
        "lines": [
          null,
          null,
          1,
          1,
          null,
          1,
          null,
          1,
          null,
          1,
          null,
          1,
          13,
          13,
          13,
          null,
          null,
          1,
          5,
          4,
          1,
          1,
          null,
          3,
          null,
          null,
          null,
          null,
          1,
          51,
          50,
          null,
          null,
          1,
          2,
          1,
          null,
          null,
          1,
          null,
          1,
          53,
          null,
          null,
          1,
          5,
          null,
          null,
          1,
          4,
          null,
          null,
          null,
          null
        ]
      },
      "/Users/asiaellis/Projects/course-run-through/boris-bikes-2/lib/van.rb": {
        "lines": [
          1,
          null,
          1,
          null,
          1,
          null,
          1,
          17,
          17,
          null,
          null,
          1,
          3,
          null,
          null,
          1,
          2,
          null,
          null,
          1,
          1,
          null,
          null,
          1,
          2,
          null,
          null,
          null
        ]
      },
      "/Users/asiaellis/Projects/course-run-through/boris-bikes-2/lib/garage.rb": {
        "lines": [
          1,
          null,
          1,
          null,
          1,
          null,
          1,
          20,
          null,
          null,
          1,
          3,
          null,
          null,
          1,
          3,
          null,
          null,
          1,
          1,
          null,
          null
        ]
      },
      "/Users/asiaellis/Projects/course-run-through/boris-bikes-2/spec/garage_spec.rb": {
        "lines": [
          1,
          null,
          1,
          null,
          4,
          3,
          null,
          1,
          1,
          1,
          1,
          null,
          null,
          null,
          1,
          1,
          1,
          1,
          1,
          1,
          1,
          null,
          null,
          null,
          1,
          1,
          1,
          1,
          null,
          null,
          null
        ]
      },
      "/Users/asiaellis/Projects/course-run-through/boris-bikes-2/spec/van_spec.rb": {
        "lines": [
          1,
          null,
          1,
          1,
          5,
          null,
          null,
          1,
          1,
          1,
          1,
          1,
          null,
          null,
          null,
          1,
          1,
          1,
          1,
          1,
          null,
          null,
          null,
          1,
          1,
          1,
          1,
          1,
          1,
          null,
          null,
          null,
          1,
          1,
          1,
          1,
          1,
          1,
          null,
          null,
          null
        ]
      }
    },
    "timestamp": 1587202269
  }
}
