{
  "RSpec": {
    "coverage": {
      "/Users/asiaellis/Projects/course-run-through/boris-bikes-2/spec/bike_container_test_spec.rb": {
        "lines": [
          1,
          1,
          null,
          1,
          1,
          null,
          null,
          null,
          1,
          1,
          null,
          null,
          null
        ]
      },
      "/Users/asiaellis/Projects/course-run-through/boris-bikes-2/lib/bike_container.rb": {
        "lines": [
          1,
          1,
          null,
          1,
          null,
          1,
          37,
          37,
          null,
          null,
          1,
          127,
          122,
          null,
          null,
          1,
          17,
          14,
          null,
          null,
          1,
          127,
          null,
          null,
          1,
          26,
          null,
          null,
          1,
          null,
          1,
          null,
          null
        ]
      },
      "/Users/asiaellis/Projects/course-run-through/boris-bikes-2/spec/support/shared_examples_for_bike_container.rb": {
        "lines": [
          1,
          null,
          3,
          3,
          3,
          null,
          null,
          3,
          3,
          3,
          3,
          null,
          null,
          null,
          3,
          3,
          3,
          3,
          null,
          null,
          3,
          63,
          6,
          null,
          null,
          null,
          3,
          15,
          15,
          null,
          3,
          3,
          null,
          null,
          3,
          3,
          3,
          null,
          null,
          3,
          3,
          3,
          null,
          null,
          3,
          3,
          6,
          null,
          null,
          null
        ]
      },
      "/Users/asiaellis/Projects/course-run-through/boris-bikes-2/spec/bike_spec.rb": {
        "lines": [
          1,
          null,
          1,
          5,
          null,
          1,
          1,
          1,
          null,
          null,
          1,
          1,
          null,
          null,
          null,
          1,
          1,
          1,
          1,
          null,
          null,
          null,
          1,
          1,
          1,
          1,
          1,
          null,
          null,
          null
        ]
      },
      "/Users/asiaellis/Projects/course-run-through/boris-bikes-2/lib/bike.rb": {
        "lines": [
          null,
          null,
          1,
          null,
          1,
          null,
          1,
          16,
          null,
          null,
          1,
          2,
          null,
          null,
          1,
          3,
          null,
          null,
          1,
          1,
          null,
          null,
          null
        ]
      },
      "/Users/asiaellis/Projects/course-run-through/boris-bikes-2/spec/docking_station_spec.rb": {
        "lines": [
          null,
          null,
          1,
          1,
          null,
          1,
          17,
          6,
          null,
          1,
          1,
          1,
          null,
          null,
          1,
          1,
          1,
          1,
          null,
          null,
          1,
          1,
          1,
          1,
          1,
          null,
          null,
          1,
          2,
          null,
          null,
          1,
          2,
          null,
          null,
          null,
          1,
          1,
          1,
          null,
          null,
          1,
          1,
          1,
          null,
          null,
          1,
          21,
          2,
          null,
          null,
          null,
          1,
          21,
          2,
          null,
          null,
          null,
          1,
          null
        ]
      },
      "/Users/asiaellis/Projects/course-run-through/boris-bikes-2/lib/docking_station.rb": {
        "lines": [
          null,
          null,
          1,
          1,
          null,
          1,
          1,
          null,
          1,
          null,
          1,
          4,
          2,
          null,
          null,
          1,
          45,
          null,
          null,
          1,
          10,
          null,
          null
        ]
      },
      "/Users/asiaellis/Projects/course-run-through/boris-bikes-2/spec/garage_spec.rb": {
        "lines": [
          1,
          null,
          1,
          null,
          4,
          3,
          null,
          1,
          1,
          1,
          1,
          null,
          null,
          null,
          1,
          1,
          1,
          1,
          1,
          1,
          1,
          null,
          null,
          null,
          1,
          1,
          1,
          1,
          null,
          null,
          null
        ]
      },
      "/Users/asiaellis/Projects/course-run-through/boris-bikes-2/lib/garage.rb": {
        "lines": [
          1,
          null,
          1,
          null,
          1,
          null,
          1,
          null,
          1,
          3,
          3,
          null,
          null,
          1,
          2,
          null,
          null,
          1,
          1,
          null,
          null,
          1,
          1,
          null,
          null
        ]
      },
      "/Users/asiaellis/Projects/course-run-through/boris-bikes-2/lib/van.rb": {
        "lines": [
          1,
          1,
          null,
          1,
          1,
          null,
          1,
          null,
          1,
          null,
          null,
          1,
          4,
          null,
          null,
          null,
          1,
          2,
          null,
          null,
          null
        ]
      },
      "/Users/asiaellis/Projects/course-run-through/boris-bikes-2/spec/van_spec.rb": {
        "lines": [
          1,
          1,
          null,
          1,
          1,
          5,
          null,
          null,
          1,
          1,
          1,
          1,
          1,
          null,
          null,
          null,
          1,
          1,
          1,
          1,
          1,
          null,
          null,
          null,
          1,
          1,
          1,
          1,
          1,
          1,
          null,
          null,
          null,
          1,
          1,
          1,
          1,
          1,
          1,
          null,
          null,
          null,
          1,
          null
        ]
      }
    },
    "timestamp": 1587558945
  }
}
